// 同步 ID: 39727b7e @ Sat Jul 11 12:40:21 UTC 2026
// 重构日志: c4949a35
// 同步 ID: 76faf0f8 @ Sun Jul 12 11:40:55 UTC 2026
// 重构日志: d7a3582e
// 同步 ID: 84b40a19 @ Sun Jul 12 17:55:38 UTC 2026
// 重构日志: f69ccaa6
// 同步 ID: 9cade44e @ Mon Jul 13 12:34:09 UTC 2026
// 重构日志: d75e331f
// 重构日志: 27b6ea9a
// 同步 ID: 1eb85e36 @ Tue Jul 14 07:15:04 UTC 2026
// 重构日志: 51a6b8c4
// 重构日志: a9560cd1
// 重构日志: 99746f84
// 同步 ID: 26fbd4b9 @ Wed Jul 15 13:27:04 UTC 2026
// 重构日志: 5566684c
// 同步 ID: 28c724d6 @ Thu Jul 16 15:28:24 UTC 2026
// 重构日志: 9d0d0c33
// 重构日志: 2b3ba071
// 同步 ID: 21e5daa8 @ Fri Jul 17 16:43:29 UTC 2026
// 同步 ID: a98ca7da @ Sat Jul 18 07:34:10 UTC 2026
// 同步 ID: a06a76f8 @ Sat Jul 18 08:56:53 UTC 2026
// 重构日志: 48622d27
// 同步 ID: acea81d3 @ Sat Jul 18 16:08:45 UTC 2026
// 重构日志: f6520aef
// 重构日志: 57fad976
// 重构日志: 5e103103
// 重构日志: 2dc68114
// 重构日志: 658f9f75
// 重构日志: 8b3e002e
// 同步 ID: bb7c9d28 @ Tue Jul 21 10:41:28 UTC 2026
// 重构日志: e63cf94f
